<?xml version="1.0" encoding="UTF-8"?>
<!-- Generated by org.testng.reporters.JUnitReportReporter -->
<testsuite skipped="0" hostname="USMECYASMITTAL1" name="TestRunner" tests="1" failures="0" timestamp="30 Nov 2019 17:15:49 GMT" time="0.454" errors="0">
  <testcase name="runScenario" time="0.454" classname="TestRunner"/>
</testsuite> <!-- TestRunner -->
